  소스.c
C:\Users\SuBin\source\repos\Term Project\Term Project\소스.c(111,2): warning C4996: 'sprintf': This function or variable may be unsafe. Consider using sprintf_s instead. To disable deprecation, use _CRT_SECURE_NO_WARNINGS. See online help for details.
C:\Users\SuBin\source\repos\Term Project\Term Project\소스.c(178,11): warning C4996: 'getch': The POSIX name for this item is deprecated. Instead, use the ISO C and C++ conformant name: _getch. See online help for details.
C:\Users\SuBin\source\repos\Term Project\Term Project\소스.c(333,16): warning C4013: 'start_loading'이(가) 정의되지 않았습니다. extern은 int형을 반환하는 것으로 간주합니다.
C:\Users\SuBin\source\repos\Term Project\Term Project\소스.c(354,3): warning C4996: 'scanf': This function or variable may be unsafe. Consider using scanf_s instead. To disable deprecation, use _CRT_SECURE_NO_WARNINGS. See online help for details.
C:\Users\SuBin\source\repos\Term Project\Term Project\소스.c(356,3): warning C4996: 'scanf': This function or variable may be unsafe. Consider using scanf_s instead. To disable deprecation, use _CRT_SECURE_NO_WARNINGS. See online help for details.
C:\Users\SuBin\source\repos\Term Project\Term Project\소스.c(365,4): warning C4996: 'scanf': This function or variable may be unsafe. Consider using scanf_s instead. To disable deprecation, use _CRT_SECURE_NO_WARNINGS. See online help for details.
C:\Users\SuBin\source\repos\Term Project\Term Project\소스.c(392,11): warning C4013: 'draw_mine'이(가) 정의되지 않았습니다. extern은 int형을 반환하는 것으로 간주합니다.
C:\Users\SuBin\source\repos\Term Project\Term Project\소스.c(444,12): warning C4013: 'game_first'이(가) 정의되지 않았습니다. extern은 int형을 반환하는 것으로 간주합니다.
C:\Users\SuBin\source\repos\Term Project\Term Project\소스.c(453,8): warning C4013: 'shape'이(가) 정의되지 않았습니다. extern은 int형을 반환하는 것으로 간주합니다.
C:\Users\SuBin\source\repos\Term Project\Term Project\소스.c(659,8): warning C4013: 'main'이(가) 정의되지 않았습니다. extern은 int형을 반환하는 것으로 간주합니다.
C:\Users\SuBin\source\repos\Term Project\Term Project\소스.c(633,10): warning C4996: 'getch': The POSIX name for this item is deprecated. Instead, use the ISO C and C++ conformant name: _getch. See online help for details.
C:\Users\SuBin\source\repos\Term Project\Term Project\소스.c(707,16): warning C4553: '==': 식의 결과가 사용되지 않습니다. '='을(를) 의도했습니까?
C:\Users\SuBin\source\repos\Term Project\Term Project\소스.c(716,5): warning C4033: 'game_success2'은(는) 값을 반환해야 합니다.
C:\Users\SuBin\source\repos\Term Project\Term Project\소스.c(718,18): warning C4013: 'game_success3'이(가) 정의되지 않았습니다. extern은 int형을 반환하는 것으로 간주합니다.
C:\Users\SuBin\source\repos\Term Project\Term Project\소스.c(766,25): warning C4244: '=': 'time_t'에서 'int'(으)로 변환하면서 데이터가 손실될 수 있습니다.
C:\Users\SuBin\source\repos\Term Project\Term Project\소스.c(775,37): warning C4244: '=': 'time_t'에서 'int'(으)로 변환하면서 데이터가 손실될 수 있습니다.
C:\Users\SuBin\source\repos\Term Project\Term Project\소스.c(1075,14): warning C4013: 'show_mine'이(가) 정의되지 않았습니다. extern은 int형을 반환하는 것으로 간주합니다.
C:\Users\SuBin\source\repos\Term Project\Term Project\소스.c(771,11): warning C4996: 'getch': The POSIX name for this item is deprecated. Instead, use the ISO C and C++ conformant name: _getch. See online help for details.
C:\Users\SuBin\source\repos\Term Project\Term Project\소스.c(376): warning C4716: 'menu_select': 값을 반환해야 합니다.
C:\Users\SuBin\source\repos\Term Project\Term Project\소스.c(393): warning C4716: 'start_loading': 값을 반환해야 합니다.
C:\Users\SuBin\source\repos\Term Project\Term Project\소스.c(445): warning C4716: 'draw_mine': 값을 반환해야 합니다.
C:\Users\SuBin\source\repos\Term Project\Term Project\소스.c(470): warning C4716: 'game_first': 값을 반환해야 합니다.
C:\Users\SuBin\source\repos\Term Project\Term Project\소스.c(495): warning C4716: 'shape': 값을 반환해야 합니다.
C:\Users\SuBin\source\repos\Term Project\Term Project\소스.c(710): warning C4716: 'game_success1': 값을 반환해야 합니다.
C:\Users\SuBin\source\repos\Term Project\Term Project\소스.c(666): warning C4715: 'control_gameover': 모든 제어 경로에서 값을 반환하지는 않습니다.
C:\Users\SuBin\source\repos\Term Project\Term Project\소스.c(721): warning C4716: 'game_success2': 값을 반환해야 합니다.
C:\Users\SuBin\source\repos\Term Project\Term Project\소스.c(1174): warning C4716: 'show_mine': 값을 반환해야 합니다.
C:\Users\SuBin\source\repos\Term Project\Term Project\소스.c(1228): warning C4716: 'show_number': 값을 반환해야 합니다.
C:\Users\SuBin\source\repos\Term Project\Term Project\소스.c(629): warning C4716: 'put_number': 값을 반환해야 합니다.
  Term Project.vcxproj -> C:\Users\SuBin\source\repos\Term Project\Debug\Term Project.exe
